[debug] [2023-02-02T06:01:17.848Z] ----------------------------------------------------------------------
[debug] [2023-02-02T06:01:17.851Z] Command:       /home/archangel/.nvm/versions/node/v18.13.0/bin/node /home/archangel/.nvm/versions/node/v18.13.0/bin/firebase init
[debug] [2023-02-02T06:01:17.851Z] CLI Version:   11.22.0
[debug] [2023-02-02T06:01:17.852Z] Platform:      linux
[debug] [2023-02-02T06:01:17.852Z] Node Version:  v18.13.0
[debug] [2023-02-02T06:01:17.853Z] Time:          Thu Feb 02 2023 06:01:17 GMT+0000 (Greenwich Mean Time)
[debug] [2023-02-02T06:01:17.853Z] ----------------------------------------------------------------------
[debug] 
[debug] [2023-02-02T06:01:17.865Z] > command requires scopes: ["email","openid","https://www.googleapis.com/auth/cloudplatformprojects.readonly","https://www.googleapis.com/auth/firebase","https://www.googleapis.com/auth/cloud-platform"]
[debug] [2023-02-02T06:01:17.866Z] > authorizing via signed-in user (michaeloguidan@gmail.com)
[info] 
     ######## #### ########  ######## ########     ###     ######  ########
     ##        ##  ##     ## ##       ##     ##  ##   ##  ##       ##
     ######    ##  ########  ######   ########  #########  ######  ######
     ##        ##  ##    ##  ##       ##     ## ##     ##       ## ##
     ##       #### ##     ## ######## ########  ##     ##  ######  ########

You're about to initialize a Firebase project in this directory:

  /home/archangel/Documents/Projects/Stack Up/Introduction-to-React/counter-app

[info] 
=== Project Setup
[info] 
[info] First, let's associate this project directory with a Firebase project.
[info] You can create multiple project aliases by running firebase use --add, 
[info] but for now we'll just set up a default project.
[info] 
[info] i  If you want to create a project in a Google Cloud organization or folder, please use "firebase projects:create" instead, and return to this command when you've created the project. 
[debug] [2023-02-02T06:02:03.497Z] >>> [apiv2][query] POST https://cloudresourcemanager.googleapis.com/v1/projects [none]
[debug] [2023-02-02T06:02:03.498Z] >>> [apiv2][body] POST https://cloudresourcemanager.googleapis.com/v1/projects {"projectId":"Archangel Michael-counterapp","name":"Archangel Michael"}
[debug] [2023-02-02T06:02:04.867Z] <<< [apiv2][status] POST https://cloudresourcemanager.googleapis.com/v1/projects 400
[debug] [2023-02-02T06:02:04.867Z] <<< [apiv2][body] POST https://cloudresourcemanager.googleapis.com/v1/projects {"error":{"code":400,"message":"field [project_id] has issue [project_id contains invalid characters]","status":"INVALID_ARGUMENT","details":[{"@type":"type.googleapis.com/google.rpc.BadRequest","fieldViolations":[{"field":"project_id","description":"project_id contains invalid characters"}]},{"@type":"type.googleapis.com/google.rpc.Help","links":[{"url":"https://cloud.google.com/resource-manager/reference/rest/v1/projects"}]}]}}
[debug] [2023-02-02T06:02:05.331Z] FirebaseError: HTTP Error: 400, field [project_id] has issue [project_id contains invalid characters]
    at responseToError (/home/archangel/.nvm/versions/node/v18.13.0/lib/node_modules/firebase-tools/lib/responseToError.js:49:12)
    at RetryOperation._fn (/home/archangel/.nvm/versions/node/v18.13.0/lib/node_modules/firebase-tools/lib/apiv2.js:288:77)
    at process.processTicksAndRejections (node:internal/process/task_queues:95:5)
[error] 
[error] Error: Failed to create project. See firebase-debug.log for more info.
